-----------
|Q|_|_|_|_|
|_|_|Q|_|_|
|_|_|_|_|Q|
|_|Q|_|_|_|
|_|_|_|Q|_|
-----------

-----------
|Q|_|_|_|_|
|_|_|_|Q|_|
|_|Q|_|_|_|
|_|_|_|_|Q|
|_|_|Q|_|_|
-----------

-----------
|_|Q|_|_|_|
|_|_|_|Q|_|
|Q|_|_|_|_|
|_|_|Q|_|_|
|_|_|_|_|Q|
-----------

-----------
|_|Q|_|_|_|
|_|_|_|_|Q|
|_|_|Q|_|_|
|Q|_|_|_|_|
|_|_|_|Q|_|
-----------

-----------
|_|_|Q|_|_|
|Q|_|_|_|_|
|_|_|_|Q|_|
|_|Q|_|_|_|
|_|_|_|_|Q|
-----------

-----------
|_|_|Q|_|_|
|_|_|_|_|Q|
|_|Q|_|_|_|
|_|_|_|Q|_|
|Q|_|_|_|_|
-----------

-----------
|_|_|_|Q|_|
|Q|_|_|_|_|
|_|_|Q|_|_|
|_|_|_|_|Q|
|_|Q|_|_|_|
-----------

-----------
|_|_|_|Q|_|
|_|Q|_|_|_|
|_|_|_|_|Q|
|_|_|Q|_|_|
|Q|_|_|_|_|
-----------

-----------
|_|_|_|_|Q|
|_|Q|_|_|_|
|_|_|_|Q|_|
|Q|_|_|_|_|
|_|_|Q|_|_|
-----------

-----------
|_|_|_|_|Q|
|_|_|Q|_|_|
|Q|_|_|_|_|
|_|_|_|Q|_|
|_|Q|_|_|_|
-----------

Number of solutions: 10

Program exited with code: 0
